<?xml version="1.0" encoding="UTF-8"?>
<!-- Generated by org.testng.reporters.JUnitXMLReporter -->
<testsuite ignored="0" hostname="DESKTOP-EBE08KE" failures="1" tests="6" name="Test" time="169.633" errors="0" timestamp="2023-04-16T20:51:36 IST">
  <testcase classname="MMTproject.MMTassignment" name="iframe" time="12.152">
    <failure type="org.openqa.selenium.NoSuchFrameException" message="No frame element found by name or id notification-frame-1730629b2
Build info: version: &amp;apos;3.141.59&amp;apos;, revision: &amp;apos;e82be7d358&amp;apos;, time: &amp;apos;2018-11-14T08:17:03&amp;apos;
System info: host: &amp;apos;DESKTOP-EBE08KE&amp;apos;, ip: &amp;apos;192.168.1.5&amp;apos;, os.name: &amp;apos;Windows 10&amp;apos;, os.arch: &amp;apos;amd64&amp;apos;, os.version: &amp;apos;10.0&amp;apos;, java.version: &amp;apos;17.0.6&amp;apos;
Driver info: driver.version: unknown">
      <![CDATA[org.openqa.selenium.NoSuchFrameException: No frame element found by name or id notification-frame-1730629b2
Build info: version: '3.141.59', revision: 'e82be7d358', time: '2018-11-14T08:17:03'
System info: host: 'DESKTOP-EBE08KE', ip: '192.168.1.5', os.name: 'Windows 10', os.arch: 'amd64', os.version: '10.0', java.version: '17.0.6'
Driver info: driver.version: unknown
at org.openqa.selenium.remote.RemoteWebDriver$RemoteTargetLocator.frame(RemoteWebDriver.java:885)
at MMTproject.MMTassignment.iframe(MMTassignment.java:56)
at java.base/java.util.ArrayList.forEach(ArrayList.java:1511)
... Removed 27 stack frames]]>
    </failure>
  </testcase> <!-- iframe -->
  <testcase classname="MMTproject.MMTassignment" name="holidaypackages" time="6.558"/>
  <testcase classname="MMTproject.MMTassignment" name="fillupinformation" time="86.108"/>
  <testcase classname="MMTproject.MMTassignment" name="scroll" time="0.118"/>
  <testcase classname="MMTproject.MMTassignment" name="selectpackage" time="6.008"/>
  <testcase classname="MMTproject.MMTassignment" name="selecthotel" time="47.768"/>
</testsuite> <!-- Test -->
