<?xml version="1.0" encoding="UTF-8"?>
<testng-results ignored="0" total="6" passed="5" failed="1" skipped="0">
  <reporter-output>
  </reporter-output>
  <suite started-at="2023-04-16T20:48:46 IST" name="Suite" finished-at="2023-04-16T20:51:36 IST" duration-ms="169633">
    <groups>
    </groups>
    <test started-at="2023-04-16T20:48:46 IST" name="Test" finished-at="2023-04-16T20:51:36 IST" duration-ms="169633">
      <class name="MMTproject.MMTassignment">
        <test-method is-config="true" signature="bt()[pri:0, instance:MMTproject.MMTassignment@12aba8be]" started-at="2023-04-16T20:48:46 IST" name="bt" finished-at="2023-04-16T20:48:57 IST" duration-ms="10804" status="PASS">
          <reporter-output>
          </reporter-output>
        </test-method> <!-- bt -->
        <test-method signature="iframe()[pri:0, instance:MMTproject.MMTassignment@12aba8be]" started-at="2023-04-16T20:48:57 IST" name="iframe" finished-at="2023-04-16T20:49:09 IST" duration-ms="12152" status="FAIL">
          <exception class="org.openqa.selenium.NoSuchFrameException">
            <message>
              <![CDATA[No frame element found by name or id notification-frame-1730629b2
Build info: version: '3.141.59', revision: 'e82be7d358', time: '2018-11-14T08:17:03'
System info: host: 'DESKTOP-EBE08KE', ip: '192.168.1.5', os.name: 'Windows 10', os.arch: 'amd64', os.version: '10.0', java.version: '17.0.6'
Driver info: driver.version: unknown]]>
            </message>
            <full-stacktrace>
              <![CDATA[org.openqa.selenium.NoSuchFrameException: No frame element found by name or id notification-frame-1730629b2
Build info: version: '3.141.59', revision: 'e82be7d358', time: '2018-11-14T08:17:03'
System info: host: 'DESKTOP-EBE08KE', ip: '192.168.1.5', os.name: 'Windows 10', os.arch: 'amd64', os.version: '10.0', java.version: '17.0.6'
Driver info: driver.version: unknown
at org.openqa.selenium.remote.RemoteWebDriver$RemoteTargetLocator.frame(RemoteWebDriver.java:885)
at MMTproject.MMTassignment.iframe(MMTassignment.java:56)
at java.base/jdk.internal.reflect.NativeMethodAccessorImpl.invoke0(Native Method)
at java.base/jdk.internal.reflect.NativeMethodAccessorImpl.invoke(NativeMethodAccessorImpl.java:77)
at java.base/jdk.internal.reflect.DelegatingMethodAccessorImpl.invoke(DelegatingMethodAccessorImpl.java:43)
at java.base/java.lang.reflect.Method.invoke(Method.java:568)
at org.testng.internal.invokers.MethodInvocationHelper.invokeMethod(MethodInvocationHelper.java:139)
at org.testng.internal.invokers.TestInvoker.invokeMethod(TestInvoker.java:677)
at org.testng.internal.invokers.TestInvoker.invokeTestMethod(TestInvoker.java:221)
at org.testng.internal.invokers.MethodRunner.runInSequence(MethodRunner.java:50)
at org.testng.internal.invokers.TestInvoker$MethodInvocationAgent.invoke(TestInvoker.java:969)
at org.testng.internal.invokers.TestInvoker.invokeTestMethods(TestInvoker.java:194)
at org.testng.internal.invokers.TestMethodWorker.invokeTestMethods(TestMethodWorker.java:148)
at org.testng.internal.invokers.TestMethodWorker.run(TestMethodWorker.java:128)
at java.base/java.util.ArrayList.forEach(ArrayList.java:1511)
at org.testng.TestRunner.privateRun(TestRunner.java:829)
at org.testng.TestRunner.run(TestRunner.java:602)
at org.testng.SuiteRunner.runTest(SuiteRunner.java:437)
at org.testng.SuiteRunner.runSequentially(SuiteRunner.java:431)
at org.testng.SuiteRunner.privateRun(SuiteRunner.java:391)
at org.testng.SuiteRunner.run(SuiteRunner.java:330)
at org.testng.SuiteRunnerWorker.runSuite(SuiteRunnerWorker.java:52)
at org.testng.SuiteRunnerWorker.run(SuiteRunnerWorker.java:95)
at org.testng.TestNG.runSuitesSequentially(TestNG.java:1256)
at org.testng.TestNG.runSuitesLocally(TestNG.java:1176)
at org.testng.TestNG.runSuites(TestNG.java:1099)
at org.testng.TestNG.run(TestNG.java:1067)
at org.testng.remote.AbstractRemoteTestNG.run(AbstractRemoteTestNG.java:115)
at org.testng.remote.RemoteTestNG.initAndRun(RemoteTestNG.java:251)
at org.testng.remote.RemoteTestNG.main(RemoteTestNG.java:77)
]]>
            </full-stacktrace>
          </exception> <!-- org.openqa.selenium.NoSuchFrameException -->
          <reporter-output>
          </reporter-output>
        </test-method> <!-- iframe -->
        <test-method signature="holidaypackages()[pri:1, instance:MMTproject.MMTassignment@12aba8be]" started-at="2023-04-16T20:49:09 IST" name="holidaypackages" finished-at="2023-04-16T20:49:16 IST" duration-ms="6558" status="PASS">
          <reporter-output>
          </reporter-output>
        </test-method> <!-- holidaypackages -->
        <test-method signature="fillupinformation()[pri:2, instance:MMTproject.MMTassignment@12aba8be]" started-at="2023-04-16T20:49:16 IST" name="fillupinformation" finished-at="2023-04-16T20:50:42 IST" duration-ms="86108" status="PASS">
          <reporter-output>
          </reporter-output>
        </test-method> <!-- fillupinformation -->
        <test-method signature="scroll()[pri:3, instance:MMTproject.MMTassignment@12aba8be]" started-at="2023-04-16T20:50:42 IST" name="scroll" finished-at="2023-04-16T20:50:42 IST" duration-ms="118" status="PASS">
          <reporter-output>
          </reporter-output>
        </test-method> <!-- scroll -->
        <test-method signature="selectpackage()[pri:4, instance:MMTproject.MMTassignment@12aba8be]" started-at="2023-04-16T20:50:42 IST" name="selectpackage" finished-at="2023-04-16T20:50:48 IST" duration-ms="6008" status="PASS">
          <reporter-output>
          </reporter-output>
        </test-method> <!-- selectpackage -->
        <test-method signature="selecthotel()[pri:5, instance:MMTproject.MMTassignment@12aba8be]" started-at="2023-04-16T20:50:48 IST" name="selecthotel" finished-at="2023-04-16T20:51:36 IST" duration-ms="47768" status="PASS">
          <reporter-output>
          </reporter-output>
        </test-method> <!-- selecthotel -->
      </class> <!-- MMTproject.MMTassignment -->
    </test> <!-- Test -->
  </suite> <!-- Suite -->
</testng-results>
